<?xml version="1.0" encoding="UTF-8"?>
<!-- Generated by org.testng.reporters.JUnitXMLReporter -->
<testsuite ignored="0" hostname="Srinivas" failures="1" tests="2" name="Test" time="36.14" errors="0" timestamp="2023-02-28T09:50:21 IST">
  <testcase classname="com.nopcommerce.testCases.TC_AddCustomer_DataProvider" name="Login" time="19.578"/>
  <testcase classname="com.nopcommerce.testCases.TC_AddCustomer_DataProvider" name="addCust" time="0.0">
    <failure type="org.testng.TestNGException" message="
Cannot inject @Test annotated Method [addCust] with [class java.lang.String, class java.lang.String].
For more information on native dependency injection please refer to https://testng.org/doc/documentation-main.html#native-dependency-injection">
      <![CDATA[org.testng.TestNGException: 
Cannot inject @Test annotated Method [addCust] with [class java.lang.String, class java.lang.String].
For more information on native dependency injection please refer to https://testng.org/doc/documentation-main.html#native-dependency-injection
at java.base/java.util.ArrayList.forEach(ArrayList.java:1511)
... Removed 26 stack frames]]>
    </failure>
  </testcase> <!-- addCust -->
</testsuite> <!-- Test -->
